
=== New Trading Session Started at 2025-08-07 15:51:13.588 ===
2025-08-07 15:51:13.589 - INFO: Started loading orders from data/orders.csv
2025-08-07 15:51:13.590 - ERROR: Insufficient columns in line 2 | Context: Expected 6 columns, got 5
2025-08-07 15:51:13.590 - ERROR: Insufficient columns in line 3 | Context: Expected 6 columns, got 5
2025-08-07 15:51:13.590 - ERROR: Insufficient columns in line 4 | Context: Expected 6 columns, got 5
2025-08-07 15:51:13.590 - ERROR: Insufficient columns in line 5 | Context: Expected 6 columns, got 5
2025-08-07 15:51:13.591 - ERROR: Insufficient columns in line 6 | Context: Expected 6 columns, got 5
2025-08-07 15:51:13.591 - ERROR: Insufficient columns in line 7 | Context: Expected 6 columns, got 5
2025-08-07 15:51:13.591 - ERROR: Insufficient columns in line 8 | Context: Expected 6 columns, got 5
2025-08-07 15:51:13.591 - ERROR: Insufficient columns in line 9 | Context: Expected 6 columns, got 5
2025-08-07 15:51:13.591 - ERROR: Insufficient columns in line 11 | Context: Expected 6 columns, got 5
2025-08-07 15:51:13.591 - ERROR: Insufficient columns in line 12 | Context: Expected 6 columns, got 5
2025-08-07 15:51:13.592 - ERROR: Insufficient columns in line 13 | Context: Expected 6 columns, got 5
2025-08-07 15:51:13.592 - INFO: CSV parsing completed. Successful: 2, Failed: 11, Total lines: 14
2025-08-07 15:51:13.592 - INFO: Order cancelled - ID: 2 | Side: BUY
2025-08-07 15:51:13.592 - INFO: Order cancelled - ID: 3 | Side: SELL
=== Trading Session Ended at 2025-08-07 15:51:13.593 ===


=== New Trading Session Started at 2025-08-07 15:52:56.820 ===
2025-08-07 15:52:56.821 - INFO: Started loading orders from data/orders.csv
2025-08-07 15:52:56.822 - ERROR: Insufficient columns in line 2 | Context: Expected 6 columns, got 5
2025-08-07 15:52:56.822 - ERROR: Insufficient columns in line 3 | Context: Expected 6 columns, got 5
2025-08-07 15:52:56.823 - ERROR: Insufficient columns in line 4 | Context: Expected 6 columns, got 5
2025-08-07 15:52:56.823 - ERROR: Insufficient columns in line 5 | Context: Expected 6 columns, got 5
2025-08-07 15:52:56.823 - ERROR: Insufficient columns in line 6 | Context: Expected 6 columns, got 5
2025-08-07 15:52:56.824 - ERROR: Insufficient columns in line 7 | Context: Expected 6 columns, got 5
2025-08-07 15:52:56.824 - ERROR: Insufficient columns in line 8 | Context: Expected 6 columns, got 5
2025-08-07 15:52:56.825 - ERROR: Insufficient columns in line 9 | Context: Expected 6 columns, got 5
2025-08-07 15:52:56.825 - ERROR: Insufficient columns in line 11 | Context: Expected 6 columns, got 5
2025-08-07 15:52:56.825 - ERROR: Insufficient columns in line 12 | Context: Expected 6 columns, got 5
2025-08-07 15:52:56.826 - ERROR: Insufficient columns in line 13 | Context: Expected 6 columns, got 5
2025-08-07 15:52:56.826 - INFO: CSV parsing completed. Successful: 2, Failed: 11, Total lines: 14
2025-08-07 15:52:56.828 - INFO: Order cancelled - ID: 2 | Side: BUY
2025-08-07 15:52:56.829 - INFO: Order cancelled - ID: 3 | Side: SELL
=== Trading Session Ended at 2025-08-07 15:52:56.834 ===


=== New Trading Session Started at 2025-08-07 15:56:41.162 ===
2025-08-07 15:56:41.162 - INFO: Started loading orders from data/orders.csv
2025-08-07 15:56:41.163 - ERROR: Insufficient columns in line 2 | Context: Expected 6 columns, got 5
2025-08-07 15:56:41.163 - ERROR: Insufficient columns in line 3 | Context: Expected 6 columns, got 5
2025-08-07 15:56:41.163 - ERROR: Insufficient columns in line 4 | Context: Expected 6 columns, got 5
2025-08-07 15:56:41.163 - ERROR: Insufficient columns in line 5 | Context: Expected 6 columns, got 5
2025-08-07 15:56:41.163 - ERROR: Insufficient columns in line 6 | Context: Expected 6 columns, got 5
2025-08-07 15:56:41.163 - ERROR: Insufficient columns in line 7 | Context: Expected 6 columns, got 5
2025-08-07 15:56:41.163 - ERROR: Insufficient columns in line 8 | Context: Expected 6 columns, got 5
2025-08-07 15:56:41.163 - ERROR: Insufficient columns in line 9 | Context: Expected 6 columns, got 5
2025-08-07 15:56:41.163 - ERROR: Insufficient columns in line 11 | Context: Expected 6 columns, got 5
2025-08-07 15:56:41.164 - ERROR: Insufficient columns in line 12 | Context: Expected 6 columns, got 5
2025-08-07 15:56:41.164 - ERROR: Insufficient columns in line 13 | Context: Expected 6 columns, got 5
2025-08-07 15:56:41.164 - INFO: CSV parsing completed. Successful: 2, Failed: 11, Total lines: 14
2025-08-07 15:56:41.164 - INFO: Order cancelled - ID: 2 | Side: BUY
2025-08-07 15:56:41.164 - INFO: Order cancelled - ID: 3 | Side: SELL
=== Trading Session Ended at 2025-08-07 15:56:41.164 ===


=== New Trading Session Started at 2025-08-07 16:00:50.292 ===
2025-08-07 16:00:50.292 - INFO: Started loading orders from data/orders.csv
2025-08-07 16:00:50.293 - INFO: CSV parsing completed. Successful: 13, Failed: 0, Total lines: 14
2025-08-07 16:00:50.293 - INFO: Order added - ID: 0 | Type: MARKET | Side: BUY | Price: 100 | Qty: 10
2025-08-07 16:00:50.294 - ERROR: Market order not matched | Context: Order ID: 0
2025-08-07 16:00:50.294 - INFO: Order added - ID: 1 | Type: LIMIT | Side: BUY | Price: 200 | Qty: 20
2025-08-07 16:00:50.294 - INFO: Order added - ID: 2 | Type: MARKET | Side: BUY | Price: 300 | Qty: 30
2025-08-07 16:00:50.294 - ERROR: Market order not matched | Context: Order ID: 2
2025-08-07 16:00:50.295 - INFO: Order added - ID: 3 | Type: MARKET | Side: SELL | Price: 300 | Qty: 30
2025-08-07 16:00:50.296 - INFO: Order added - ID: 4 | Type: LIMIT | Side: SELL | Price: 200 | Qty: 20
2025-08-07 16:00:50.297 - INFO: Order added - ID: 5 | Type: LIMIT | Side: SELL | Price: 100 | Qty: 10
2025-08-07 16:00:50.299 - INFO: Order added - ID: 6 | Type: MARKET | Side: SELL | Price: 50 | Qty: 5
2025-08-07 16:00:50.299 - ERROR: Market order not matched | Context: Order ID: 6
2025-08-07 16:00:50.299 - INFO: Order added - ID: 7 | Type: MARKET | Side: BUY | Price: 50 | Qty: 5
2025-08-07 16:00:50.300 - INFO: Order cancelled - ID: 2 | Side: BUY
2025-08-07 16:00:50.300 - INFO: Order added - ID: 8 | Type: LIMIT | Side: BUY | Price: 200 | Qty: 10
2025-08-07 16:00:50.301 - INFO: Order added - ID: 9 | Type: LIMIT | Side: BUY | Price: 300 | Qty: 10
2025-08-07 16:00:50.301 - INFO: Order added - ID: 10 | Type: MARKET | Side: SELL | Price: 100 | Qty: 10
2025-08-07 16:00:50.302 - INFO: Order cancelled - ID: 3 | Side: SELL
=== Trading Session Ended at 2025-08-07 16:00:50.306 ===


=== New Trading Session Started at 2025-08-07 16:18:59.732 ===
2025-08-07 16:18:59.733 - INFO: Started loading orders from data/orders.csv
2025-08-07 16:18:59.734 - INFO: CSV parsing completed. Successful: 13, Failed: 0, Total lines: 14
2025-08-07 16:18:59.734 - INFO: Order added - ID: 1 | Type: MARKET | Side: BUY | Price: 100 | Qty: 10
2025-08-07 16:18:59.734 - ERROR: Market order partially unfilled | Context: Order ID: 1, Remaining quantity: 10
2025-08-07 16:18:59.735 - INFO: Order added - ID: 2 | Type: LIMIT | Side: BUY | Price: 200 | Qty: 20
2025-08-07 16:18:59.735 - INFO: Order added - ID: 3 | Type: MARKET | Side: BUY | Price: 300 | Qty: 30
2025-08-07 16:18:59.735 - ERROR: Market order partially unfilled | Context: Order ID: 3, Remaining quantity: 30
2025-08-07 16:18:59.735 - INFO: Order added - ID: 4 | Type: MARKET | Side: SELL | Price: 300 | Qty: 30

=== New Trading Session Started at 2025-08-07 16:19:09.204 ===
2025-08-07 16:19:09.204 - INFO: Started loading orders from data/orders.csv
2025-08-07 16:19:09.205 - INFO: CSV parsing completed. Successful: 13, Failed: 0, Total lines: 14
2025-08-07 16:19:09.205 - INFO: Order added - ID: 1 | Type: MARKET | Side: BUY | Price: 100 | Qty: 10
2025-08-07 16:19:09.206 - ERROR: Market order partially unfilled | Context: Order ID: 1, Remaining quantity: 10
2025-08-07 16:19:09.206 - INFO: Order added - ID: 2 | Type: LIMIT | Side: BUY | Price: 200 | Qty: 20
2025-08-07 16:19:09.206 - INFO: Order added - ID: 3 | Type: MARKET | Side: BUY | Price: 300 | Qty: 30
2025-08-07 16:19:09.206 - ERROR: Market order partially unfilled | Context: Order ID: 3, Remaining quantity: 30
2025-08-07 16:19:09.207 - INFO: Order added - ID: 4 | Type: MARKET | Side: SELL | Price: 300 | Qty: 30

=== New Trading Session Started at 2025-08-07 16:20:02.394 ===
2025-08-07 16:20:02.394 - INFO: Started loading orders from data/orders.csv
2025-08-07 16:20:02.395 - INFO: CSV parsing completed. Successful: 13, Failed: 0, Total lines: 14
2025-08-07 16:20:02.395 - INFO: Order added - ID: 1 | Type: MARKET | Side: BUY | Price: 100 | Qty: 10
2025-08-07 16:20:02.395 - ERROR: Market order partially unfilled | Context: Order ID: 1, Remaining quantity: 10
2025-08-07 16:20:02.396 - INFO: Order added - ID: 2 | Type: LIMIT | Side: BUY | Price: 200 | Qty: 20
2025-08-07 16:20:02.396 - INFO: Order added - ID: 3 | Type: MARKET | Side: BUY | Price: 300 | Qty: 30
2025-08-07 16:20:02.396 - ERROR: Market order partially unfilled | Context: Order ID: 3, Remaining quantity: 30
2025-08-07 16:20:02.396 - INFO: Order added - ID: 4 | Type: MARKET | Side: SELL | Price: 300 | Qty: 30

=== New Trading Session Started at 2025-08-07 16:21:45.521 ===
2025-08-07 16:21:45.522 - INFO: Started loading orders from data/partial_test.csv
2025-08-07 16:21:45.522 - INFO: CSV parsing completed. Successful: 8, Failed: 0, Total lines: 9
2025-08-07 16:21:45.522 - INFO: Order added - ID: 1 | Type: LIMIT | Side: BUY | Price: 100 | Qty: 50
2025-08-07 16:21:45.522 - INFO: Order added - ID: 2 | Type: LIMIT | Side: BUY | Price: 100 | Qty: 30
2025-08-07 16:21:45.522 - INFO: Order added - ID: 3 | Type: LIMIT | Side: SELL | Price: 100 | Qty: 20
2025-08-07 16:21:45.522 - INFO: Order added - ID: 4 | Type: LIMIT | Side: SELL | Price: 100 | Qty: 40
2025-08-07 16:21:45.522 - INFO: Order added - ID: 5 | Type: LIMIT | Side: SELL | Price: 100 | Qty: 15
2025-08-07 16:21:45.522 - INFO: Order added - ID: 6 | Type: MARKET | Side: BUY | Price: 100 | Qty: 25
2025-08-07 16:21:45.522 - ERROR: Market order partially unfilled | Context: Order ID: 6, Remaining quantity: 25
2025-08-07 16:21:45.523 - INFO: Order added - ID: 7 | Type: LIMIT | Side: BUY | Price: 95 | Qty: 100
2025-08-07 16:21:45.523 - INFO: Order added - ID: 8 | Type: LIMIT | Side: SELL | Price: 95 | Qty: 60
=== Trading Session Ended at 2025-08-07 16:21:45.523 ===


=== New Trading Session Started at 2025-08-07 16:22:01.402 ===
2025-08-07 16:22:01.402 - INFO: Started loading orders from data/orders.csv
2025-08-07 16:22:01.402 - INFO: CSV parsing completed. Successful: 13, Failed: 0, Total lines: 14
2025-08-07 16:22:01.402 - INFO: Order added - ID: 1 | Type: MARKET | Side: BUY | Price: 100 | Qty: 10
2025-08-07 16:22:01.402 - ERROR: Market order partially unfilled | Context: Order ID: 1, Remaining quantity: 10
2025-08-07 16:22:01.402 - INFO: Order added - ID: 2 | Type: LIMIT | Side: BUY | Price: 200 | Qty: 20
2025-08-07 16:22:01.402 - INFO: Order added - ID: 3 | Type: MARKET | Side: BUY | Price: 300 | Qty: 30
2025-08-07 16:22:01.402 - ERROR: Market order partially unfilled | Context: Order ID: 3, Remaining quantity: 30
2025-08-07 16:22:01.402 - INFO: Order added - ID: 4 | Type: MARKET | Side: SELL | Price: 300 | Qty: 30

=== New Trading Session Started at 2025-08-07 16:22:54.588 ===
2025-08-07 16:22:54.588 - INFO: Started loading orders from data/orders.csv
2025-08-07 16:22:54.589 - INFO: CSV parsing completed. Successful: 13, Failed: 0, Total lines: 14
2025-08-07 16:22:54.589 - INFO: Order added - ID: 1 | Type: MARKET | Side: BUY | Price: 100 | Qty: 10
2025-08-07 16:22:54.590 - ERROR: Market order partially unfilled | Context: Order ID: 1, Remaining quantity: 10
2025-08-07 16:22:54.590 - INFO: Order added - ID: 2 | Type: LIMIT | Side: BUY | Price: 200 | Qty: 20
2025-08-07 16:22:54.590 - INFO: Order added - ID: 3 | Type: MARKET | Side: BUY | Price: 300 | Qty: 30
2025-08-07 16:22:54.590 - ERROR: Market order partially unfilled | Context: Order ID: 3, Remaining quantity: 30
2025-08-07 16:22:54.591 - INFO: Order added - ID: 4 | Type: MARKET | Side: SELL | Price: 300 | Qty: 30

=== New Trading Session Started at 2025-08-07 16:25:37.447 ===
2025-08-07 16:25:37.448 - INFO: Started loading orders from data/orders.csv
2025-08-07 16:25:37.448 - INFO: CSV parsing completed. Successful: 13, Failed: 0, Total lines: 14
2025-08-07 16:25:37.449 - INFO: Order added - ID: 1 | Type: MARKET | Side: BUY | Price: 100 | Qty: 10
2025-08-07 16:25:37.449 - ERROR: Market order partially unfilled | Context: Order ID: 1, Remaining quantity: 10
2025-08-07 16:25:37.449 - INFO: Order added - ID: 2 | Type: LIMIT | Side: BUY | Price: 200 | Qty: 20
2025-08-07 16:25:37.450 - INFO: Order added - ID: 3 | Type: MARKET | Side: BUY | Price: 300 | Qty: 30
2025-08-07 16:25:37.450 - ERROR: Market order partially unfilled | Context: Order ID: 3, Remaining quantity: 30
2025-08-07 16:25:37.450 - INFO: Order added - ID: 4 | Type: MARKET | Side: SELL | Price: 300 | Qty: 30

=== New Trading Session Started at 2025-08-07 16:26:12.333 ===
2025-08-07 16:26:12.333 - INFO: Started loading orders from data/orders.csv
2025-08-07 16:26:12.334 - INFO: CSV parsing completed. Successful: 13, Failed: 0, Total lines: 14
2025-08-07 16:26:12.334 - INFO: Order added - ID: 1 | Type: MARKET | Side: BUY | Price: 100 | Qty: 10
2025-08-07 16:26:12.334 - ERROR: Market order partially unfilled | Context: Order ID: 1, Remaining quantity: 10
2025-08-07 16:26:12.334 - INFO: Order added - ID: 2 | Type: LIMIT | Side: BUY | Price: 200 | Qty: 20
2025-08-07 16:26:12.334 - INFO: Order added - ID: 3 | Type: MARKET | Side: BUY | Price: 300 | Qty: 30
2025-08-07 16:26:12.334 - ERROR: Market order partially unfilled | Context: Order ID: 3, Remaining quantity: 30
2025-08-07 16:26:12.334 - INFO: Order added - ID: 4 | Type: MARKET | Side: SELL | Price: 300 | Qty: 30

=== New Trading Session Started at 2025-08-07 16:28:40.122 ===
2025-08-07 16:28:40.122 - INFO: Started loading orders from data/partial_test.csv
2025-08-07 16:28:40.122 - INFO: CSV parsing completed. Successful: 8, Failed: 0, Total lines: 9
2025-08-07 16:28:40.122 - INFO: Order added - ID: 1 | Type: LIMIT | Side: BUY | Price: 100 | Qty: 50
2025-08-07 16:28:40.122 - INFO: Order added - ID: 2 | Type: LIMIT | Side: BUY | Price: 100 | Qty: 30
2025-08-07 16:28:40.122 - INFO: Order added - ID: 3 | Type: LIMIT | Side: SELL | Price: 100 | Qty: 20
2025-08-07 16:28:40.122 - INFO: Order added - ID: 4 | Type: LIMIT | Side: SELL | Price: 100 | Qty: 40
2025-08-07 16:28:40.122 - INFO: Order added - ID: 5 | Type: LIMIT | Side: SELL | Price: 100 | Qty: 15
2025-08-07 16:28:40.122 - INFO: Order added - ID: 6 | Type: MARKET | Side: BUY | Price: 100 | Qty: 25
2025-08-07 16:28:40.122 - ERROR: Market order partially unfilled | Context: Order ID: 6, Remaining quantity: 25
2025-08-07 16:28:40.122 - INFO: Order added - ID: 7 | Type: LIMIT | Side: BUY | Price: 95 | Qty: 100
2025-08-07 16:28:40.123 - INFO: Order added - ID: 8 | Type: LIMIT | Side: SELL | Price: 95 | Qty: 60
=== Trading Session Ended at 2025-08-07 16:28:40.123 ===


=== New Trading Session Started at 2025-08-07 16:28:53.414 ===
2025-08-07 16:28:53.414 - INFO: Started loading orders from data/orders.csv
2025-08-07 16:28:53.414 - INFO: CSV parsing completed. Successful: 13, Failed: 0, Total lines: 14
2025-08-07 16:28:53.414 - INFO: Order added - ID: 1 | Type: MARKET | Side: BUY | Price: 100 | Qty: 10
2025-08-07 16:28:53.414 - ERROR: Market order partially unfilled | Context: Order ID: 1, Remaining quantity: 10
2025-08-07 16:28:53.414 - INFO: Order added - ID: 2 | Type: LIMIT | Side: BUY | Price: 200 | Qty: 20
2025-08-07 16:28:53.414 - INFO: Order added - ID: 3 | Type: MARKET | Side: BUY | Price: 300 | Qty: 30
2025-08-07 16:28:53.415 - ERROR: Market order partially unfilled | Context: Order ID: 3, Remaining quantity: 30
2025-08-07 16:28:53.415 - INFO: Order added - ID: 4 | Type: MARKET | Side: SELL | Price: 300 | Qty: 30

=== New Trading Session Started at 2025-08-07 16:30:15.849 ===
2025-08-07 16:30:15.850 - INFO: Started loading orders from data/orders.csv
2025-08-07 16:30:15.850 - INFO: CSV parsing completed. Successful: 13, Failed: 0, Total lines: 14
2025-08-07 16:30:15.850 - INFO: Order added - ID: 1 | Type: MARKET | Side: BUY | Price: 100 | Qty: 10
2025-08-07 16:30:15.851 - ERROR: Market order partially unfilled | Context: Order ID: 1, Remaining quantity: 10
2025-08-07 16:30:15.851 - INFO: Order added - ID: 2 | Type: LIMIT | Side: BUY | Price: 200 | Qty: 20
2025-08-07 16:30:15.851 - INFO: Order added - ID: 3 | Type: MARKET | Side: BUY | Price: 300 | Qty: 30
2025-08-07 16:30:15.851 - ERROR: Market order partially unfilled | Context: Order ID: 3, Remaining quantity: 30
2025-08-07 16:30:15.852 - INFO: Order added - ID: 4 | Type: MARKET | Side: SELL | Price: 300 | Qty: 30
2025-08-07 16:30:15.853 - ERROR: Market order partially unfilled | Context: Order ID: 4, Remaining quantity: 10
2025-08-07 16:30:15.853 - INFO: Order added - ID: 5 | Type: LIMIT | Side: SELL | Price: 200 | Qty: 20
2025-08-07 16:30:15.854 - INFO: Order added - ID: 6 | Type: LIMIT | Side: SELL | Price: 100 | Qty: 10
2025-08-07 16:30:15.856 - INFO: Order added - ID: 7 | Type: MARKET | Side: SELL | Price: 50 | Qty: 5
2025-08-07 16:30:15.857 - ERROR: Market order partially unfilled | Context: Order ID: 7, Remaining quantity: 5
2025-08-07 16:30:15.857 - INFO: Order added - ID: 8 | Type: MARKET | Side: BUY | Price: 50 | Qty: 5
2025-08-07 16:30:15.858 - INFO: Order cancelled - ID: 2 | Side: BUY
2025-08-07 16:30:15.858 - INFO: Order added - ID: 9 | Type: LIMIT | Side: BUY | Price: 200 | Qty: 10
2025-08-07 16:30:15.860 - INFO: Order added - ID: 10 | Type: LIMIT | Side: BUY | Price: 300 | Qty: 10
2025-08-07 16:30:15.862 - INFO: Order added - ID: 11 | Type: MARKET | Side: SELL | Price: 100 | Qty: 10
2025-08-07 16:30:15.862 - ERROR: Market order partially unfilled | Context: Order ID: 11, Remaining quantity: 10
2025-08-07 16:30:15.862 - INFO: Order cancelled - ID: 3 | Side: SELL
=== Trading Session Ended at 2025-08-07 16:30:15.866 ===


=== New Trading Session Started at 2025-08-07 16:30:32.843 ===
2025-08-07 16:30:32.844 - INFO: Started loading orders from data/orders.csv
2025-08-07 16:30:32.844 - INFO: CSV parsing completed. Successful: 13, Failed: 0, Total lines: 14
2025-08-07 16:30:32.845 - INFO: Order added - ID: 1 | Type: MARKET | Side: BUY | Price: 100 | Qty: 10
2025-08-07 16:30:32.845 - ERROR: Market order partially unfilled | Context: Order ID: 1, Remaining quantity: 10
2025-08-07 16:30:32.845 - INFO: Order added - ID: 2 | Type: LIMIT | Side: BUY | Price: 200 | Qty: 20
2025-08-07 16:30:32.846 - INFO: Order added - ID: 3 | Type: MARKET | Side: BUY | Price: 300 | Qty: 30
2025-08-07 16:30:32.846 - ERROR: Market order partially unfilled | Context: Order ID: 3, Remaining quantity: 30
2025-08-07 16:30:32.846 - INFO: Order added - ID: 4 | Type: MARKET | Side: SELL | Price: 300 | Qty: 30
2025-08-07 16:30:32.847 - ERROR: Market order partially unfilled | Context: Order ID: 4, Remaining quantity: 10
2025-08-07 16:30:32.847 - INFO: Order added - ID: 5 | Type: LIMIT | Side: SELL | Price: 200 | Qty: 20
2025-08-07 16:30:32.849 - INFO: Order added - ID: 6 | Type: LIMIT | Side: SELL | Price: 100 | Qty: 10
2025-08-07 16:30:32.850 - INFO: Order added - ID: 7 | Type: MARKET | Side: SELL | Price: 50 | Qty: 5
2025-08-07 16:30:32.852 - ERROR: Market order partially unfilled | Context: Order ID: 7, Remaining quantity: 5
2025-08-07 16:30:32.852 - INFO: Order added - ID: 8 | Type: MARKET | Side: BUY | Price: 50 | Qty: 5
2025-08-07 16:30:32.853 - INFO: Order cancelled - ID: 2 | Side: BUY
2025-08-07 16:30:32.853 - INFO: Order added - ID: 9 | Type: LIMIT | Side: BUY | Price: 200 | Qty: 10
2025-08-07 16:30:32.856 - INFO: Order added - ID: 10 | Type: LIMIT | Side: BUY | Price: 300 | Qty: 10
2025-08-07 16:30:32.857 - INFO: Order added - ID: 11 | Type: MARKET | Side: SELL | Price: 100 | Qty: 10
2025-08-07 16:30:32.858 - ERROR: Market order partially unfilled | Context: Order ID: 11, Remaining quantity: 10
2025-08-07 16:30:32.858 - INFO: Order cancelled - ID: 3 | Side: SELL
=== Trading Session Ended at 2025-08-07 16:30:32.860 ===


=== New Trading Session Started at 2025-08-07 16:30:57.086 ===
2025-08-07 16:30:57.087 - INFO: Started loading orders from data/orders.csv
2025-08-07 16:30:57.087 - INFO: CSV parsing completed. Successful: 13, Failed: 0, Total lines: 14
2025-08-07 16:30:57.088 - INFO: Order added - ID: 1 | Type: MARKET | Side: BUY | Price: 100 | Qty: 10
2025-08-07 16:30:57.088 - ERROR: Market order partially unfilled | Context: Order ID: 1, Remaining quantity: 10
2025-08-07 16:30:57.088 - INFO: Order added - ID: 2 | Type: LIMIT | Side: BUY | Price: 200 | Qty: 20
2025-08-07 16:30:57.088 - INFO: Order added - ID: 3 | Type: MARKET | Side: BUY | Price: 300 | Qty: 30
2025-08-07 16:30:57.089 - ERROR: Market order partially unfilled | Context: Order ID: 3, Remaining quantity: 30
2025-08-07 16:30:57.089 - INFO: Order added - ID: 4 | Type: MARKET | Side: SELL | Price: 300 | Qty: 30
2025-08-07 16:30:57.090 - ERROR: Market order partially unfilled | Context: Order ID: 4, Remaining quantity: 10
2025-08-07 16:30:57.090 - INFO: Order added - ID: 5 | Type: LIMIT | Side: SELL | Price: 200 | Qty: 20
2025-08-07 16:30:57.091 - INFO: Order added - ID: 6 | Type: LIMIT | Side: SELL | Price: 100 | Qty: 10
2025-08-07 16:30:57.092 - INFO: Order added - ID: 7 | Type: MARKET | Side: SELL | Price: 50 | Qty: 5
2025-08-07 16:30:57.093 - ERROR: Market order partially unfilled | Context: Order ID: 7, Remaining quantity: 5
2025-08-07 16:30:57.094 - INFO: Order added - ID: 8 | Type: MARKET | Side: BUY | Price: 50 | Qty: 5
2025-08-07 16:30:57.095 - INFO: Order cancelled - ID: 2 | Side: BUY
2025-08-07 16:30:57.095 - INFO: Order added - ID: 9 | Type: LIMIT | Side: BUY | Price: 200 | Qty: 10
2025-08-07 16:30:57.098 - INFO: Order added - ID: 10 | Type: LIMIT | Side: BUY | Price: 300 | Qty: 10
2025-08-07 16:30:57.100 - INFO: Order added - ID: 11 | Type: MARKET | Side: SELL | Price: 100 | Qty: 10
2025-08-07 16:30:57.101 - ERROR: Market order partially unfilled | Context: Order ID: 11, Remaining quantity: 10
2025-08-07 16:30:57.101 - INFO: Order cancelled - ID: 3 | Side: SELL
=== Trading Session Ended at 2025-08-07 16:30:57.103 ===


=== New Trading Session Started at 2025-08-07 16:31:01.630 ===
2025-08-07 16:31:01.631 - INFO: Started loading orders from data/orders.csv
2025-08-07 16:31:01.631 - INFO: CSV parsing completed. Successful: 13, Failed: 0, Total lines: 14
2025-08-07 16:31:01.632 - INFO: Order added - ID: 1 | Type: MARKET | Side: BUY | Price: 100 | Qty: 10
2025-08-07 16:31:01.632 - ERROR: Market order partially unfilled | Context: Order ID: 1, Remaining quantity: 10
2025-08-07 16:31:01.632 - INFO: Order added - ID: 2 | Type: LIMIT | Side: BUY | Price: 200 | Qty: 20
2025-08-07 16:31:01.632 - INFO: Order added - ID: 3 | Type: MARKET | Side: BUY | Price: 300 | Qty: 30
2025-08-07 16:31:01.632 - ERROR: Market order partially unfilled | Context: Order ID: 3, Remaining quantity: 30
2025-08-07 16:31:01.633 - INFO: Order added - ID: 4 | Type: MARKET | Side: SELL | Price: 300 | Qty: 30
2025-08-07 16:31:01.634 - ERROR: Market order partially unfilled | Context: Order ID: 4, Remaining quantity: 10
2025-08-07 16:31:01.634 - INFO: Order added - ID: 5 | Type: LIMIT | Side: SELL | Price: 200 | Qty: 20
2025-08-07 16:31:01.635 - INFO: Order added - ID: 6 | Type: LIMIT | Side: SELL | Price: 100 | Qty: 10
2025-08-07 16:31:01.635 - INFO: Order added - ID: 7 | Type: MARKET | Side: SELL | Price: 50 | Qty: 5
2025-08-07 16:31:01.636 - ERROR: Market order partially unfilled | Context: Order ID: 7, Remaining quantity: 5
2025-08-07 16:31:01.636 - INFO: Order added - ID: 8 | Type: MARKET | Side: BUY | Price: 50 | Qty: 5
2025-08-07 16:31:01.638 - INFO: Order cancelled - ID: 2 | Side: BUY
2025-08-07 16:31:01.638 - INFO: Order added - ID: 9 | Type: LIMIT | Side: BUY | Price: 200 | Qty: 10
2025-08-07 16:31:01.640 - INFO: Order added - ID: 10 | Type: LIMIT | Side: BUY | Price: 300 | Qty: 10
2025-08-07 16:31:01.642 - INFO: Order added - ID: 11 | Type: MARKET | Side: SELL | Price: 100 | Qty: 10
2025-08-07 16:31:01.643 - ERROR: Market order partially unfilled | Context: Order ID: 11, Remaining quantity: 10
2025-08-07 16:31:01.643 - INFO: Order cancelled - ID: 3 | Side: SELL
=== Trading Session Ended at 2025-08-07 16:31:01.644 ===


=== New Trading Session Started at 2025-08-07 16:31:10.397 ===
2025-08-07 16:31:10.397 - INFO: Started loading orders from data/orders.csv
2025-08-07 16:31:10.398 - INFO: CSV parsing completed. Successful: 13, Failed: 0, Total lines: 14
2025-08-07 16:31:10.399 - INFO: Order added - ID: 1 | Type: MARKET | Side: BUY | Price: 100 | Qty: 10
2025-08-07 16:31:10.399 - ERROR: Market order partially unfilled | Context: Order ID: 1, Remaining quantity: 10
2025-08-07 16:31:10.400 - INFO: Order added - ID: 2 | Type: LIMIT | Side: BUY | Price: 200 | Qty: 20
2025-08-07 16:31:10.400 - INFO: Order added - ID: 3 | Type: MARKET | Side: BUY | Price: 300 | Qty: 30
2025-08-07 16:31:10.400 - ERROR: Market order partially unfilled | Context: Order ID: 3, Remaining quantity: 30
2025-08-07 16:31:10.400 - INFO: Order added - ID: 4 | Type: MARKET | Side: SELL | Price: 300 | Qty: 30
2025-08-07 16:31:10.401 - ERROR: Market order partially unfilled | Context: Order ID: 4, Remaining quantity: 10
2025-08-07 16:31:10.402 - INFO: Order added - ID: 5 | Type: LIMIT | Side: SELL | Price: 200 | Qty: 20
2025-08-07 16:31:10.403 - INFO: Order added - ID: 6 | Type: LIMIT | Side: SELL | Price: 100 | Qty: 10
2025-08-07 16:31:10.404 - INFO: Order added - ID: 7 | Type: MARKET | Side: SELL | Price: 50 | Qty: 5
2025-08-07 16:31:10.405 - ERROR: Market order partially unfilled | Context: Order ID: 7, Remaining quantity: 5
2025-08-07 16:31:10.406 - INFO: Order added - ID: 8 | Type: MARKET | Side: BUY | Price: 50 | Qty: 5
2025-08-07 16:31:10.407 - INFO: Order cancelled - ID: 2 | Side: BUY
2025-08-07 16:31:10.407 - INFO: Order added - ID: 9 | Type: LIMIT | Side: BUY | Price: 200 | Qty: 10
2025-08-07 16:31:10.409 - INFO: Order added - ID: 10 | Type: LIMIT | Side: BUY | Price: 300 | Qty: 10
2025-08-07 16:31:10.411 - INFO: Order added - ID: 11 | Type: MARKET | Side: SELL | Price: 100 | Qty: 10
2025-08-07 16:31:10.411 - ERROR: Market order partially unfilled | Context: Order ID: 11, Remaining quantity: 10
2025-08-07 16:31:10.411 - INFO: Order cancelled - ID: 3 | Side: SELL
=== Trading Session Ended at 2025-08-07 16:31:10.413 ===


=== New Trading Session Started at 2025-08-07 16:31:31.571 ===
2025-08-07 16:31:31.580 - INFO: Started loading orders from data/orders.csv
2025-08-07 16:31:31.581 - INFO: CSV parsing completed. Successful: 13, Failed: 0, Total lines: 14
2025-08-07 16:31:31.581 - INFO: Order added - ID: 1 | Type: MARKET | Side: BUY | Price: 100 | Qty: 10
2025-08-07 16:31:31.582 - ERROR: Market order partially unfilled | Context: Order ID: 1, Remaining quantity: 10
2025-08-07 16:31:31.582 - INFO: Order added - ID: 2 | Type: LIMIT | Side: BUY | Price: 200 | Qty: 20
2025-08-07 16:31:31.582 - INFO: Order added - ID: 3 | Type: MARKET | Side: BUY | Price: 300 | Qty: 30
2025-08-07 16:31:31.582 - ERROR: Market order partially unfilled | Context: Order ID: 3, Remaining quantity: 30
2025-08-07 16:31:31.583 - INFO: Order added - ID: 4 | Type: MARKET | Side: SELL | Price: 300 | Qty: 30
2025-08-07 16:31:31.584 - ERROR: Market order partially unfilled | Context: Order ID: 4, Remaining quantity: 10
2025-08-07 16:31:31.584 - INFO: Order added - ID: 5 | Type: LIMIT | Side: SELL | Price: 200 | Qty: 20
2025-08-07 16:31:31.586 - INFO: Order added - ID: 6 | Type: LIMIT | Side: SELL | Price: 100 | Qty: 10
2025-08-07 16:31:31.587 - INFO: Order added - ID: 7 | Type: MARKET | Side: SELL | Price: 50 | Qty: 5
2025-08-07 16:31:31.589 - ERROR: Market order partially unfilled | Context: Order ID: 7, Remaining quantity: 5
2025-08-07 16:31:31.589 - INFO: Order added - ID: 8 | Type: MARKET | Side: BUY | Price: 50 | Qty: 5
2025-08-07 16:31:31.590 - INFO: Order cancelled - ID: 2 | Side: BUY
2025-08-07 16:31:31.590 - INFO: Order added - ID: 9 | Type: LIMIT | Side: BUY | Price: 200 | Qty: 10
2025-08-07 16:31:31.593 - INFO: Order added - ID: 10 | Type: LIMIT | Side: BUY | Price: 300 | Qty: 10
2025-08-07 16:31:31.595 - INFO: Order added - ID: 11 | Type: MARKET | Side: SELL | Price: 100 | Qty: 10
2025-08-07 16:31:31.595 - ERROR: Market order partially unfilled | Context: Order ID: 11, Remaining quantity: 10
2025-08-07 16:31:31.595 - INFO: Order cancelled - ID: 3 | Side: SELL
=== Trading Session Ended at 2025-08-07 16:31:31.597 ===

