
=== New Trading Session Started at 2025-08-07 15:51:13.583 ===
Timestamp,BuyOrderID,SellOrderID,Price,Quantity,Status
=== Trading Session Ended at 2025-08-07 15:51:13.592 ===


=== New Trading Session Started at 2025-08-07 15:52:56.818 ===
Timestamp,BuyOrderID,SellOrderID,Price,Quantity,Status
=== Trading Session Ended at 2025-08-07 15:52:56.834 ===


=== New Trading Session Started at 2025-08-07 15:56:41.160 ===
Timestamp,BuyOrderID,SellOrderID,Price,Quantity,Status
=== Trading Session Ended at 2025-08-07 15:56:41.164 ===


=== New Trading Session Started at 2025-08-07 16:00:50.291 ===
Timestamp,BuyOrderID,SellOrderID,Price,Quantity,Status
2025-08-07 16:00:50.295,2,3,300,30,MARKET_FILL
2025-08-07 16:00:50.296,1,4,200,20,MATCHED
2025-08-07 16:00:50.298,0,5,100,10,MATCHED
2025-08-07 16:00:50.299,7,6,50,5,MARKET_FILL
2025-08-07 16:00:50.301,9,10,300,10,MARKET_FILL
=== Trading Session Ended at 2025-08-07 16:00:50.306 ===


=== New Trading Session Started at 2025-08-07 16:18:59.732 ===
Timestamp,BuyOrderID,SellOrderID,Price,Quantity,Status
2025-08-07 16:18:59.736,2,4,200,20,MARKET_FILL

=== New Trading Session Started at 2025-08-07 16:19:09.203 ===
Timestamp,BuyOrderID,SellOrderID,Price,Quantity,Status
2025-08-07 16:19:09.207,2,4,200,20,MARKET_FILL

=== New Trading Session Started at 2025-08-07 16:20:02.393 ===
Timestamp,BuyOrderID,SellOrderID,Price,Quantity,Status
2025-08-07 16:20:02.397,2,4,200,20,MARKET_FILL

=== New Trading Session Started at 2025-08-07 16:21:45.518 ===
Timestamp,BuyOrderID,SellOrderID,Price,Quantity,Status
2025-08-07 16:21:45.522,2,3,100,20,MATCHED
2025-08-07 16:21:45.522,2,4,100,10,MATCHED
2025-08-07 16:21:45.522,1,4,100,30,MATCHED
2025-08-07 16:21:45.522,1,5,100,15,MATCHED
2025-08-07 16:21:45.523,7,8,95,60,MATCHED
=== Trading Session Ended at 2025-08-07 16:21:45.523 ===


=== New Trading Session Started at 2025-08-07 16:22:01.401 ===
Timestamp,BuyOrderID,SellOrderID,Price,Quantity,Status
2025-08-07 16:22:01.402,2,4,200,20,MARKET_FILL

=== New Trading Session Started at 2025-08-07 16:22:54.587 ===
Timestamp,BuyOrderID,SellOrderID,Price,Quantity,Status
2025-08-07 16:22:54.591,2,4,200,20,MARKET_FILL

=== New Trading Session Started at 2025-08-07 16:25:37.446 ===
Timestamp,BuyOrderID,SellOrderID,Price,Quantity,Status
2025-08-07 16:25:37.450,2,4,200,20,MARKET_FILL

=== New Trading Session Started at 2025-08-07 16:26:12.332 ===
Timestamp,BuyOrderID,SellOrderID,Price,Quantity,Status
2025-08-07 16:26:12.334,2,4,200,20,MARKET_FILL

=== New Trading Session Started at 2025-08-07 16:28:40.121 ===
Timestamp,BuyOrderID,SellOrderID,Price,Quantity,Status
2025-08-07 16:28:40.122,2,3,100,20,MATCHED
2025-08-07 16:28:40.122,2,4,100,10,MATCHED
2025-08-07 16:28:40.122,1,4,100,30,MATCHED
2025-08-07 16:28:40.122,1,5,100,15,MATCHED
2025-08-07 16:28:40.123,7,8,95,60,MATCHED
=== Trading Session Ended at 2025-08-07 16:28:40.123 ===


=== New Trading Session Started at 2025-08-07 16:28:53.413 ===
Timestamp,BuyOrderID,SellOrderID,Price,Quantity,Status
2025-08-07 16:28:53.415,2,4,200,20,MARKET_FILL

=== New Trading Session Started at 2025-08-07 16:30:15.848 ===
Timestamp,BuyOrderID,SellOrderID,Price,Quantity,Status
2025-08-07 16:30:15.852,2,4,200,20,MARKET_FILL
2025-08-07 16:30:15.853,2,5,200,0,MATCHED
2025-08-07 16:30:15.854,2,6,200,0,MATCHED
2025-08-07 16:30:15.856,2,7,200,0,MARKET_FILL
2025-08-07 16:30:15.857,8,6,100,5,MARKET_FILL
2025-08-07 16:30:15.858,9,6,100,5,MATCHED
2025-08-07 16:30:15.859,9,5,200,5,MATCHED
2025-08-07 16:30:15.860,10,6,100,0,MATCHED
2025-08-07 16:30:15.861,10,5,200,10,MATCHED
=== Trading Session Ended at 2025-08-07 16:30:15.866 ===


=== New Trading Session Started at 2025-08-07 16:30:32.842 ===
Timestamp,BuyOrderID,SellOrderID,Price,Quantity,Status
2025-08-07 16:30:32.846,2,4,200,20,MARKET_FILL
2025-08-07 16:30:32.848,2,5,200,0,MATCHED
2025-08-07 16:30:32.849,2,6,200,0,MATCHED
2025-08-07 16:30:32.851,2,7,200,0,MARKET_FILL
2025-08-07 16:30:32.852,8,6,100,5,MARKET_FILL
2025-08-07 16:30:32.854,9,6,100,5,MATCHED
2025-08-07 16:30:32.855,9,5,200,5,MATCHED
2025-08-07 16:30:32.856,10,6,100,0,MATCHED
2025-08-07 16:30:32.857,10,5,200,10,MATCHED
=== Trading Session Ended at 2025-08-07 16:30:32.860 ===


=== New Trading Session Started at 2025-08-07 16:30:57.085 ===
Timestamp,BuyOrderID,SellOrderID,Price,Quantity,Status
2025-08-07 16:30:57.089,2,4,200,20,MARKET_FILL
2025-08-07 16:30:57.091,2,5,200,0,MATCHED
2025-08-07 16:30:57.092,2,6,200,0,MATCHED
2025-08-07 16:30:57.093,2,7,200,0,MARKET_FILL
2025-08-07 16:30:57.094,8,6,100,5,MARKET_FILL
2025-08-07 16:30:57.096,9,6,100,5,MATCHED
2025-08-07 16:30:57.097,9,5,200,5,MATCHED
2025-08-07 16:30:57.098,10,6,100,0,MATCHED
2025-08-07 16:30:57.099,10,5,200,10,MATCHED
=== Trading Session Ended at 2025-08-07 16:30:57.102 ===


=== New Trading Session Started at 2025-08-07 16:31:01.629 ===
Timestamp,BuyOrderID,SellOrderID,Price,Quantity,Status
2025-08-07 16:31:01.633,2,4,200,20,MARKET_FILL
2025-08-07 16:31:01.634,2,5,200,0,MATCHED
2025-08-07 16:31:01.635,2,6,200,0,MATCHED
2025-08-07 16:31:01.635,2,7,200,0,MARKET_FILL
2025-08-07 16:31:01.637,8,6,100,5,MARKET_FILL
2025-08-07 16:31:01.639,9,6,100,5,MATCHED
2025-08-07 16:31:01.639,9,5,200,5,MATCHED
2025-08-07 16:31:01.640,10,6,100,0,MATCHED
2025-08-07 16:31:01.641,10,5,200,10,MATCHED
=== Trading Session Ended at 2025-08-07 16:31:01.644 ===


=== New Trading Session Started at 2025-08-07 16:31:10.396 ===
Timestamp,BuyOrderID,SellOrderID,Price,Quantity,Status
2025-08-07 16:31:10.400,2,4,200,20,MARKET_FILL
2025-08-07 16:31:10.402,2,5,200,0,MATCHED
2025-08-07 16:31:10.403,2,6,200,0,MATCHED
2025-08-07 16:31:10.404,2,7,200,0,MARKET_FILL
2025-08-07 16:31:10.406,8,6,100,5,MARKET_FILL
2025-08-07 16:31:10.407,9,6,100,5,MATCHED
2025-08-07 16:31:10.408,9,5,200,5,MATCHED
2025-08-07 16:31:10.409,10,6,100,0,MATCHED
2025-08-07 16:31:10.410,10,5,200,10,MATCHED
=== Trading Session Ended at 2025-08-07 16:31:10.412 ===


=== New Trading Session Started at 2025-08-07 16:31:31.570 ===
Timestamp,BuyOrderID,SellOrderID,Price,Quantity,Status
2025-08-07 16:31:31.583,2,4,200,20,MARKET_FILL
2025-08-07 16:31:31.584,2,5,200,0,MATCHED
2025-08-07 16:31:31.586,2,6,200,0,MATCHED
2025-08-07 16:31:31.588,2,7,200,0,MARKET_FILL
2025-08-07 16:31:31.589,8,6,100,5,MARKET_FILL
2025-08-07 16:31:31.591,9,6,100,5,MATCHED
2025-08-07 16:31:31.592,9,5,200,5,MATCHED
2025-08-07 16:31:31.593,10,6,100,0,MATCHED
2025-08-07 16:31:31.594,10,5,200,10,MATCHED
=== Trading Session Ended at 2025-08-07 16:31:31.597 ===

